{"/Users/veronikazdorova/jQuery-slider/src/slider/configuratorHorizontal.ts": {"path":"/Users/veronikazdorova/jQuery-slider/src/slider/configuratorHorizontal.ts","statementMap":{"0":{"start":{"line":3,"column":0},"end":{"line":3,"column":56}},"1":{"start":{"line":5,"column":13},"end":{"line":84,"column":2}},"2":{"start":{"line":7,"column":8},"end":{"line":7,"column":34}},"3":{"start":{"line":10,"column":8},"end":{"line":10,"column":68}},"4":{"start":{"line":11,"column":8},"end":{"line":11,"column":66}},"5":{"start":{"line":14,"column":8},"end":{"line":14,"column":60}},"6":{"start":{"line":17,"column":8},"end":{"line":17,"column":51}},"7":{"start":{"line":20,"column":8},"end":{"line":20,"column":57}},"8":{"start":{"line":23,"column":8},"end":{"line":23,"column":83}},"9":{"start":{"line":26,"column":8},"end":{"line":26,"column":61}},"10":{"start":{"line":29,"column":8},"end":{"line":29,"column":63}},"11":{"start":{"line":32,"column":8},"end":{"line":36,"column":null}},"12":{"start":{"line":35,"column":16},"end":{"line":35,"column":190}},"13":{"start":{"line":38,"column":8},"end":{"line":38,"column":124}},"14":{"start":{"line":39,"column":8},"end":{"line":39,"column":209}},"15":{"start":{"line":42,"column":8},"end":{"line":49,"column":null}},"16":{"start":{"line":45,"column":16},"end":{"line":48,"column":null}},"17":{"start":{"line":46,"column":20},"end":{"line":46,"column":47}},"18":{"start":{"line":47,"column":20},"end":{"line":47,"column":129}},"19":{"start":{"line":50,"column":8},"end":{"line":50,"column":51}},"20":{"start":{"line":51,"column":8},"end":{"line":51,"column":48}},"21":{"start":{"line":53,"column":8},"end":{"line":53,"column":124}},"22":{"start":{"line":54,"column":8},"end":{"line":54,"column":209}},"23":{"start":{"line":57,"column":8},"end":{"line":57,"column":33}},"24":{"start":{"line":60,"column":8},"end":{"line":60,"column":46}},"25":{"start":{"line":63,"column":8},"end":{"line":63,"column":45}},"26":{"start":{"line":66,"column":8},"end":{"line":66,"column":44}},"27":{"start":{"line":69,"column":8},"end":{"line":69,"column":47}},"28":{"start":{"line":72,"column":8},"end":{"line":72,"column":34}},"29":{"start":{"line":75,"column":8},"end":{"line":75,"column":34}},"30":{"start":{"line":78,"column":8},"end":{"line":78,"column":97}},"31":{"start":{"line":81,"column":8},"end":{"line":81,"column":124}},"32":{"start":{"line":82,"column":8},"end":{"line":82,"column":208}}},"fnMap":{"0":{"name":"(anonymous_0)","decl":{"start":{"line":6,"column":4},"end":{"line":6,"column":35}},"loc":{"start":{"line":6,"column":56},"end":{"line":8,"column":5}}},"1":{"name":"(anonymous_1)","decl":{"start":{"line":9,"column":4},"end":{"line":9,"column":33}},"loc":{"start":{"line":9,"column":53},"end":{"line":12,"column":5}}},"2":{"name":"(anonymous_2)","decl":{"start":{"line":13,"column":4},"end":{"line":13,"column":27}},"loc":{"start":{"line":13,"column":4},"end":{"line":15,"column":5}}},"3":{"name":"(anonymous_3)","decl":{"start":{"line":16,"column":4},"end":{"line":16,"column":20}},"loc":{"start":{"line":16,"column":4},"end":{"line":18,"column":5}}},"4":{"name":"(anonymous_4)","decl":{"start":{"line":19,"column":4},"end":{"line":19,"column":24}},"loc":{"start":{"line":19,"column":4},"end":{"line":21,"column":5}}},"5":{"name":"(anonymous_5)","decl":{"start":{"line":22,"column":4},"end":{"line":22,"column":29}},"loc":{"start":{"line":22,"column":49},"end":{"line":24,"column":5}}},"6":{"name":"(anonymous_6)","decl":{"start":{"line":25,"column":4},"end":{"line":25,"column":29}},"loc":{"start":{"line":25,"column":86},"end":{"line":27,"column":5}}},"7":{"name":"(anonymous_7)","decl":{"start":{"line":28,"column":4},"end":{"line":28,"column":22}},"loc":{"start":{"line":28,"column":42},"end":{"line":30,"column":5}}},"8":{"name":"(anonymous_8)","decl":{"start":{"line":31,"column":4},"end":{"line":31,"column":29}},"loc":{"start":{"line":31,"column":146},"end":{"line":40,"column":5}}},"9":{"name":"(anonymous_9)","decl":{"start":{"line":34,"column":21},"end":{"line":34,"column":22}},"loc":{"start":{"line":34,"column":49},"end":{"line":36,"column":13}}},"10":{"name":"(anonymous_10)","decl":{"start":{"line":41,"column":4},"end":{"line":41,"column":32}},"loc":{"start":{"line":41,"column":202},"end":{"line":55,"column":5}}},"11":{"name":"(anonymous_11)","decl":{"start":{"line":44,"column":21},"end":{"line":44,"column":22}},"loc":{"start":{"line":44,"column":49},"end":{"line":49,"column":13}}},"12":{"name":"(anonymous_12)","decl":{"start":{"line":56,"column":4},"end":{"line":56,"column":27}},"loc":{"start":{"line":56,"column":47},"end":{"line":58,"column":5}}},"13":{"name":"(anonymous_13)","decl":{"start":{"line":59,"column":4},"end":{"line":59,"column":25}},"loc":{"start":{"line":59,"column":69},"end":{"line":61,"column":5}}},"14":{"name":"(anonymous_14)","decl":{"start":{"line":62,"column":4},"end":{"line":62,"column":23}},"loc":{"start":{"line":62,"column":54},"end":{"line":64,"column":5}}},"15":{"name":"(anonymous_15)","decl":{"start":{"line":65,"column":4},"end":{"line":65,"column":26}},"loc":{"start":{"line":65,"column":68},"end":{"line":67,"column":5}}},"16":{"name":"(anonymous_16)","decl":{"start":{"line":68,"column":4},"end":{"line":68,"column":22}},"loc":{"start":{"line":68,"column":63},"end":{"line":70,"column":5}}},"17":{"name":"(anonymous_17)","decl":{"start":{"line":71,"column":4},"end":{"line":71,"column":17}},"loc":{"start":{"line":71,"column":38},"end":{"line":73,"column":5}}},"18":{"name":"(anonymous_18)","decl":{"start":{"line":74,"column":4},"end":{"line":74,"column":16}},"loc":{"start":{"line":74,"column":36},"end":{"line":76,"column":5}}},"19":{"name":"(anonymous_19)","decl":{"start":{"line":77,"column":4},"end":{"line":77,"column":30}},"loc":{"start":{"line":77,"column":123},"end":{"line":79,"column":5}}},"20":{"name":"(anonymous_20)","decl":{"start":{"line":80,"column":4},"end":{"line":80,"column":18}},"loc":{"start":{"line":80,"column":78},"end":{"line":83,"column":5}}}},"branchMap":{"0":{"loc":{"start":{"line":45,"column":16},"end":{"line":48,"column":null}},"type":"if","locations":[{"start":{"line":45,"column":16},"end":{"line":48,"column":null}},{"start":{"line":45,"column":16},"end":{"line":48,"column":null}}]}},"s":{"0":2,"1":2,"2":24,"3":3,"4":3,"5":10,"6":6,"7":5,"8":2,"9":15,"10":2,"11":3,"12":12,"13":3,"14":3,"15":7,"16":26,"17":25,"18":25,"19":7,"20":7,"21":7,"22":7,"23":0,"24":0,"25":0,"26":0,"27":1,"28":0,"29":0,"30":1,"31":1,"32":1},"f":{"0":24,"1":3,"2":10,"3":6,"4":5,"5":2,"6":15,"7":2,"8":3,"9":12,"10":7,"11":26,"12":0,"13":0,"14":0,"15":0,"16":1,"17":0,"18":0,"19":1,"20":1},"b":{"0":[25,1]}}
,"/Users/veronikazdorova/jQuery-slider/src/slider/configuratorVertical.ts": {"path":"/Users/veronikazdorova/jQuery-slider/src/slider/configuratorVertical.ts","statementMap":{"0":{"start":{"line":3,"column":0},"end":{"line":3,"column":56}},"1":{"start":{"line":5,"column":13},"end":{"line":84,"column":2}},"2":{"start":{"line":7,"column":8},"end":{"line":7,"column":33}},"3":{"start":{"line":10,"column":8},"end":{"line":10,"column":69}},"4":{"start":{"line":11,"column":8},"end":{"line":11,"column":65}},"5":{"start":{"line":14,"column":8},"end":{"line":14,"column":77}},"6":{"start":{"line":17,"column":8},"end":{"line":17,"column":68}},"7":{"start":{"line":20,"column":8},"end":{"line":20,"column":74}},"8":{"start":{"line":23,"column":8},"end":{"line":23,"column":66}},"9":{"start":{"line":26,"column":8},"end":{"line":26,"column":46}},"10":{"start":{"line":29,"column":8},"end":{"line":29,"column":62}},"11":{"start":{"line":32,"column":8},"end":{"line":36,"column":null}},"12":{"start":{"line":35,"column":16},"end":{"line":35,"column":187}},"13":{"start":{"line":38,"column":8},"end":{"line":38,"column":121}},"14":{"start":{"line":39,"column":8},"end":{"line":39,"column":206}},"15":{"start":{"line":42,"column":8},"end":{"line":49,"column":null}},"16":{"start":{"line":45,"column":16},"end":{"line":48,"column":null}},"17":{"start":{"line":46,"column":20},"end":{"line":46,"column":48}},"18":{"start":{"line":47,"column":20},"end":{"line":47,"column":128}},"19":{"start":{"line":50,"column":8},"end":{"line":50,"column":52}},"20":{"start":{"line":51,"column":8},"end":{"line":51,"column":47}},"21":{"start":{"line":53,"column":8},"end":{"line":53,"column":121}},"22":{"start":{"line":54,"column":8},"end":{"line":54,"column":206}},"23":{"start":{"line":57,"column":8},"end":{"line":57,"column":32}},"24":{"start":{"line":60,"column":8},"end":{"line":60,"column":46}},"25":{"start":{"line":63,"column":8},"end":{"line":63,"column":46}},"26":{"start":{"line":66,"column":8},"end":{"line":66,"column":44}},"27":{"start":{"line":69,"column":8},"end":{"line":69,"column":46}},"28":{"start":{"line":72,"column":8},"end":{"line":72,"column":33}},"29":{"start":{"line":75,"column":8},"end":{"line":75,"column":35}},"30":{"start":{"line":78,"column":8},"end":{"line":78,"column":96}},"31":{"start":{"line":81,"column":8},"end":{"line":81,"column":121}},"32":{"start":{"line":82,"column":8},"end":{"line":82,"column":205}}},"fnMap":{"0":{"name":"(anonymous_0)","decl":{"start":{"line":6,"column":4},"end":{"line":6,"column":35}},"loc":{"start":{"line":6,"column":56},"end":{"line":8,"column":5}}},"1":{"name":"(anonymous_1)","decl":{"start":{"line":9,"column":4},"end":{"line":9,"column":33}},"loc":{"start":{"line":9,"column":53},"end":{"line":12,"column":5}}},"2":{"name":"(anonymous_2)","decl":{"start":{"line":13,"column":4},"end":{"line":13,"column":27}},"loc":{"start":{"line":13,"column":4},"end":{"line":15,"column":5}}},"3":{"name":"(anonymous_3)","decl":{"start":{"line":16,"column":4},"end":{"line":16,"column":20}},"loc":{"start":{"line":16,"column":4},"end":{"line":18,"column":5}}},"4":{"name":"(anonymous_4)","decl":{"start":{"line":19,"column":4},"end":{"line":19,"column":24}},"loc":{"start":{"line":19,"column":4},"end":{"line":21,"column":5}}},"5":{"name":"(anonymous_5)","decl":{"start":{"line":22,"column":4},"end":{"line":22,"column":29}},"loc":{"start":{"line":22,"column":49},"end":{"line":24,"column":5}}},"6":{"name":"(anonymous_6)","decl":{"start":{"line":25,"column":4},"end":{"line":25,"column":22}},"loc":{"start":{"line":25,"column":42},"end":{"line":27,"column":5}}},"7":{"name":"(anonymous_7)","decl":{"start":{"line":28,"column":4},"end":{"line":28,"column":29}},"loc":{"start":{"line":28,"column":86},"end":{"line":30,"column":5}}},"8":{"name":"(anonymous_8)","decl":{"start":{"line":31,"column":4},"end":{"line":31,"column":29}},"loc":{"start":{"line":31,"column":146},"end":{"line":40,"column":5}}},"9":{"name":"(anonymous_9)","decl":{"start":{"line":34,"column":21},"end":{"line":34,"column":22}},"loc":{"start":{"line":34,"column":49},"end":{"line":36,"column":13}}},"10":{"name":"(anonymous_10)","decl":{"start":{"line":41,"column":4},"end":{"line":41,"column":32}},"loc":{"start":{"line":41,"column":202},"end":{"line":55,"column":5}}},"11":{"name":"(anonymous_11)","decl":{"start":{"line":44,"column":21},"end":{"line":44,"column":22}},"loc":{"start":{"line":44,"column":49},"end":{"line":49,"column":13}}},"12":{"name":"(anonymous_12)","decl":{"start":{"line":56,"column":4},"end":{"line":56,"column":27}},"loc":{"start":{"line":56,"column":47},"end":{"line":58,"column":5}}},"13":{"name":"(anonymous_13)","decl":{"start":{"line":59,"column":4},"end":{"line":59,"column":25}},"loc":{"start":{"line":59,"column":69},"end":{"line":61,"column":5}}},"14":{"name":"(anonymous_14)","decl":{"start":{"line":62,"column":4},"end":{"line":62,"column":23}},"loc":{"start":{"line":62,"column":54},"end":{"line":64,"column":5}}},"15":{"name":"(anonymous_15)","decl":{"start":{"line":65,"column":4},"end":{"line":65,"column":26}},"loc":{"start":{"line":65,"column":68},"end":{"line":67,"column":5}}},"16":{"name":"(anonymous_16)","decl":{"start":{"line":68,"column":4},"end":{"line":68,"column":22}},"loc":{"start":{"line":68,"column":63},"end":{"line":70,"column":5}}},"17":{"name":"(anonymous_17)","decl":{"start":{"line":71,"column":4},"end":{"line":71,"column":17}},"loc":{"start":{"line":71,"column":38},"end":{"line":73,"column":5}}},"18":{"name":"(anonymous_18)","decl":{"start":{"line":74,"column":4},"end":{"line":74,"column":16}},"loc":{"start":{"line":74,"column":36},"end":{"line":76,"column":5}}},"19":{"name":"(anonymous_19)","decl":{"start":{"line":77,"column":4},"end":{"line":77,"column":30}},"loc":{"start":{"line":77,"column":123},"end":{"line":79,"column":5}}},"20":{"name":"(anonymous_20)","decl":{"start":{"line":80,"column":4},"end":{"line":80,"column":18}},"loc":{"start":{"line":80,"column":78},"end":{"line":83,"column":5}}}},"branchMap":{"0":{"loc":{"start":{"line":45,"column":16},"end":{"line":48,"column":null}},"type":"if","locations":[{"start":{"line":45,"column":16},"end":{"line":48,"column":null}},{"start":{"line":45,"column":16},"end":{"line":48,"column":null}}]}},"s":{"0":2,"1":2,"2":6,"3":2,"4":2,"5":5,"6":5,"7":5,"8":2,"9":2,"10":6,"11":2,"12":8,"13":2,"14":2,"15":2,"16":8,"17":7,"18":7,"19":2,"20":2,"21":2,"22":2,"23":0,"24":0,"25":0,"26":0,"27":1,"28":0,"29":0,"30":1,"31":1,"32":1},"f":{"0":6,"1":2,"2":5,"3":5,"4":5,"5":2,"6":2,"7":6,"8":2,"9":8,"10":2,"11":8,"12":0,"13":0,"14":0,"15":0,"16":1,"17":0,"18":0,"19":1,"20":1},"b":{"0":[7,1]}}
,"/Users/veronikazdorova/jQuery-slider/src/slider/eventEmitter.ts": {"path":"/Users/veronikazdorova/jQuery-slider/src/slider/eventEmitter.ts","statementMap":{"0":{"start":{"line":4,"column":0},"end":{"line":4,"column":13}},"1":{"start":{"line":8,"column":8},"end":{"line":8,"column":null}},"2":{"start":{"line":10,"column":11},"end":{"line":19,"column":null}},"3":{"start":{"line":10,"column":4},"end":{"line":10,"column":11}},"4":{"start":{"line":11,"column":8},"end":{"line":13,"column":null}},"5":{"start":{"line":12,"column":12},"end":{"line":12,"column":49}},"6":{"start":{"line":15,"column":8},"end":{"line":15,"column":49}},"7":{"start":{"line":16,"column":8},"end":{"line":18,"column":null}},"8":{"start":{"line":17,"column":12},"end":{"line":17,"column":112}},"9":{"start":{"line":17,"column":96},"end":{"line":17,"column":111}},"10":{"start":{"line":20,"column":11},"end":{"line":25,"column":null}},"11":{"start":{"line":21,"column":37},"end":{"line":21,"column":68}},"12":{"start":{"line":22,"column":8},"end":{"line":24,"column":null}},"13":{"start":{"line":23,"column":12},"end":{"line":23,"column":61}},"14":{"start":{"line":23,"column":37},"end":{"line":23,"column":57}},"15":{"start":{"line":26,"column":0},"end":{"line":26,"column":null}},"16":{"start":{"line":4,"column":13},"end":{"line":4,"column":25}}},"fnMap":{"0":{"name":"(anonymous_0)","decl":{"start":{"line":4,"column":0},"end":{"line":4,"column":13}},"loc":{"start":{"line":4,"column":0},"end":{"line":26,"column":null}}},"1":{"name":"EventEmitter","decl":{"start":{"line":7,"column":4},"end":{"line":7,"column":null}},"loc":{"start":{"line":7,"column":4},"end":{"line":9,"column":5}}},"2":{"name":"(anonymous_2)","decl":{"start":{"line":10,"column":4},"end":{"line":10,"column":11}},"loc":{"start":{"line":10,"column":52},"end":{"line":19,"column":5}}},"3":{"name":"(anonymous_3)","decl":{"start":{"line":16,"column":15},"end":{"line":16,"column":null}},"loc":{"start":{"line":16,"column":15},"end":{"line":18,"column":9}}},"4":{"name":"(anonymous_4)","decl":{"start":{"line":17,"column":85},"end":{"line":17,"column":92}},"loc":{"start":{"line":17,"column":92},"end":{"line":17,"column":98}}},"5":{"name":"(anonymous_5)","decl":{"start":{"line":20,"column":4},"end":{"line":20,"column":11}},"loc":{"start":{"line":20,"column":47},"end":{"line":25,"column":5}}},"6":{"name":"(anonymous_6)","decl":{"start":{"line":23,"column":29},"end":{"line":23,"column":31}},"loc":{"start":{"line":23,"column":31},"end":{"line":23,"column":58}}}},"branchMap":{"0":{"loc":{"start":{"line":11,"column":8},"end":{"line":13,"column":null}},"type":"if","locations":[{"start":{"line":11,"column":8},"end":{"line":13,"column":null}},{"start":{"line":11,"column":8},"end":{"line":13,"column":null}}]},"1":{"loc":{"start":{"line":22,"column":8},"end":{"line":24,"column":null}},"type":"if","locations":[{"start":{"line":22,"column":8},"end":{"line":24,"column":null}},{"start":{"line":22,"column":8},"end":{"line":24,"column":null}}]}},"s":{"0":3,"1":3,"2":3,"3":5,"4":5,"5":5,"6":5,"7":5,"8":0,"9":0,"10":3,"11":50,"12":50,"13":47,"14":47,"15":3,"16":3},"f":{"0":3,"1":3,"2":5,"3":0,"4":0,"5":50,"6":47},"b":{"0":[5,0],"1":[47,3]}}
,"/Users/veronikazdorova/jQuery-slider/src/slider/model.ts": {"path":"/Users/veronikazdorova/jQuery-slider/src/slider/model.ts","statementMap":{"0":{"start":{"line":8,"column":0},"end":{"line":8,"column":13}},"1":{"start":{"line":12,"column":4},"end":{"line":12,"column":17}},"2":{"start":{"line":13,"column":8},"end":{"line":21,"column":10}},"3":{"start":{"line":23,"column":8},"end":{"line":23,"column":36}},"4":{"start":{"line":24,"column":8},"end":{"line":24,"column":34}},"5":{"start":{"line":26,"column":8},"end":{"line":31,"column":11}},"6":{"start":{"line":27,"column":12},"end":{"line":27,"column":57}},"7":{"start":{"line":28,"column":12},"end":{"line":28,"column":57}},"8":{"start":{"line":29,"column":12},"end":{"line":29,"column":42}},"9":{"start":{"line":30,"column":12},"end":{"line":30,"column":47}},"10":{"start":{"line":33,"column":8},"end":{"line":35,"column":11}},"11":{"start":{"line":34,"column":12},"end":{"line":34,"column":60}},"12":{"start":{"line":37,"column":8},"end":{"line":39,"column":11}},"13":{"start":{"line":38,"column":12},"end":{"line":38,"column":71}},"14":{"start":{"line":41,"column":12},"end":{"line":43,"column":null}},"15":{"start":{"line":42,"column":8},"end":{"line":42,"column":61}},"16":{"start":{"line":44,"column":12},"end":{"line":49,"column":null}},"17":{"start":{"line":45,"column":8},"end":{"line":48,"column":10}},"18":{"start":{"line":46,"column":12},"end":{"line":46,"column":51}},"19":{"start":{"line":47,"column":12},"end":{"line":47,"column":38}},"20":{"start":{"line":50,"column":12},"end":{"line":55,"column":null}},"21":{"start":{"line":51,"column":8},"end":{"line":54,"column":10}},"22":{"start":{"line":52,"column":12},"end":{"line":52,"column":84}},"23":{"start":{"line":53,"column":12},"end":{"line":53,"column":38}},"24":{"start":{"line":57,"column":12},"end":{"line":89,"column":null}},"25":{"start":{"line":57,"column":4},"end":{"line":57,"column":12}},"26":{"start":{"line":58,"column":8},"end":{"line":88,"column":11}},"27":{"start":{"line":59,"column":37},"end":{"line":59,"column":44}},"28":{"start":{"line":60,"column":51},"end":{"line":60,"column":72}},"29":{"start":{"line":61,"column":44},"end":{"line":61,"column":77}},"30":{"start":{"line":62,"column":43},"end":{"line":62,"column":136}},"31":{"start":{"line":63,"column":43},"end":{"line":63,"column":100}},"32":{"start":{"line":65,"column":12},"end":{"line":67,"column":14}},"33":{"start":{"line":66,"column":16},"end":{"line":66,"column":65}},"34":{"start":{"line":69,"column":12},"end":{"line":78,"column":null}},"35":{"start":{"line":70,"column":16},"end":{"line":70,"column":62}},"36":{"start":{"line":71,"column":16},"end":{"line":71,"column":42}},"37":{"start":{"line":72,"column":19},"end":{"line":78,"column":null}},"38":{"start":{"line":73,"column":16},"end":{"line":73,"column":62}},"39":{"start":{"line":74,"column":16},"end":{"line":74,"column":42}},"40":{"start":{"line":75,"column":19},"end":{"line":78,"column":null}},"41":{"start":{"line":76,"column":16},"end":{"line":76,"column":61}},"42":{"start":{"line":77,"column":16},"end":{"line":77,"column":42}},"43":{"start":{"line":80,"column":12},"end":{"line":83,"column":14}},"44":{"start":{"line":81,"column":16},"end":{"line":81,"column":62}},"45":{"start":{"line":82,"column":16},"end":{"line":82,"column":42}},"46":{"start":{"line":84,"column":12},"end":{"line":87,"column":null}},"47":{"start":{"line":85,"column":16},"end":{"line":85,"column":62}},"48":{"start":{"line":86,"column":16},"end":{"line":86,"column":42}},"49":{"start":{"line":91,"column":12},"end":{"line":113,"column":null}},"50":{"start":{"line":91,"column":4},"end":{"line":91,"column":12}},"51":{"start":{"line":92,"column":8},"end":{"line":112,"column":11}},"52":{"start":{"line":93,"column":45},"end":{"line":93,"column":124}},"53":{"start":{"line":94,"column":45},"end":{"line":94,"column":83}},"54":{"start":{"line":96,"column":12},"end":{"line":103,"column":null}},"55":{"start":{"line":97,"column":16},"end":{"line":97,"column":94}},"56":{"start":{"line":98,"column":16},"end":{"line":101,"column":null}},"57":{"start":{"line":99,"column":20},"end":{"line":99,"column":88}},"58":{"start":{"line":100,"column":20},"end":{"line":100,"column":66}},"59":{"start":{"line":102,"column":16},"end":{"line":102,"column":42}},"60":{"start":{"line":104,"column":12},"end":{"line":111,"column":null}},"61":{"start":{"line":105,"column":16},"end":{"line":105,"column":94}},"62":{"start":{"line":106,"column":16},"end":{"line":109,"column":null}},"63":{"start":{"line":107,"column":20},"end":{"line":107,"column":88}},"64":{"start":{"line":108,"column":20},"end":{"line":108,"column":66}},"65":{"start":{"line":110,"column":16},"end":{"line":110,"column":42}},"66":{"start":{"line":115,"column":11},"end":{"line":121,"column":null}},"67":{"start":{"line":116,"column":8},"end":{"line":118,"column":null}},"68":{"start":{"line":117,"column":12},"end":{"line":117,"column":19}},"69":{"start":{"line":119,"column":8},"end":{"line":119,"column":29}},"70":{"start":{"line":120,"column":8},"end":{"line":120,"column":34}},"71":{"start":{"line":123,"column":11},"end":{"line":129,"column":null}},"72":{"start":{"line":124,"column":8},"end":{"line":126,"column":null}},"73":{"start":{"line":125,"column":12},"end":{"line":125,"column":19}},"74":{"start":{"line":127,"column":8},"end":{"line":127,"column":29}},"75":{"start":{"line":128,"column":8},"end":{"line":128,"column":34}},"76":{"start":{"line":131,"column":11},"end":{"line":143,"column":null}},"77":{"start":{"line":132,"column":8},"end":{"line":134,"column":null}},"78":{"start":{"line":133,"column":12},"end":{"line":133,"column":19}},"79":{"start":{"line":135,"column":8},"end":{"line":141,"column":null}},"80":{"start":{"line":136,"column":12},"end":{"line":136,"column":34}},"81":{"start":{"line":137,"column":15},"end":{"line":141,"column":null}},"82":{"start":{"line":138,"column":12},"end":{"line":138,"column":35}},"83":{"start":{"line":140,"column":8},"end":{"line":140,"column":35}},"84":{"start":{"line":142,"column":8},"end":{"line":142,"column":34}},"85":{"start":{"line":145,"column":11},"end":{"line":151,"column":null}},"86":{"start":{"line":146,"column":8},"end":{"line":148,"column":null}},"87":{"start":{"line":147,"column":12},"end":{"line":147,"column":19}},"88":{"start":{"line":149,"column":8},"end":{"line":149,"column":52}},"89":{"start":{"line":150,"column":8},"end":{"line":150,"column":34}},"90":{"start":{"line":153,"column":11},"end":{"line":165,"column":null}},"91":{"start":{"line":154,"column":8},"end":{"line":156,"column":null}},"92":{"start":{"line":155,"column":12},"end":{"line":155,"column":19}},"93":{"start":{"line":157,"column":8},"end":{"line":163,"column":null}},"94":{"start":{"line":158,"column":12},"end":{"line":158,"column":32}},"95":{"start":{"line":159,"column":15},"end":{"line":163,"column":null}},"96":{"start":{"line":160,"column":12},"end":{"line":160,"column":45}},"97":{"start":{"line":162,"column":8},"end":{"line":162,"column":31}},"98":{"start":{"line":164,"column":8},"end":{"line":164,"column":34}},"99":{"start":{"line":167,"column":11},"end":{"line":172,"column":null}},"100":{"start":{"line":168,"column":8},"end":{"line":171,"column":null}},"101":{"start":{"line":169,"column":12},"end":{"line":169,"column":39}},"102":{"start":{"line":170,"column":12},"end":{"line":170,"column":38}},"103":{"start":{"line":174,"column":11},"end":{"line":181,"column":null}},"104":{"start":{"line":175,"column":8},"end":{"line":179,"column":null}},"105":{"start":{"line":176,"column":12},"end":{"line":176,"column":50}},"106":{"start":{"line":177,"column":15},"end":{"line":179,"column":null}},"107":{"start":{"line":178,"column":12},"end":{"line":178,"column":48}},"108":{"start":{"line":180,"column":8},"end":{"line":180,"column":34}},"109":{"start":{"line":182,"column":12},"end":{"line":185,"column":null}},"110":{"start":{"line":183,"column":8},"end":{"line":183,"column":47}},"111":{"start":{"line":184,"column":8},"end":{"line":184,"column":34}},"112":{"start":{"line":186,"column":12},"end":{"line":189,"column":null}},"113":{"start":{"line":187,"column":8},"end":{"line":187,"column":47}},"114":{"start":{"line":188,"column":8},"end":{"line":188,"column":34}},"115":{"start":{"line":190,"column":0},"end":{"line":190,"column":null}},"116":{"start":{"line":8,"column":13},"end":{"line":8,"column":18}}},"fnMap":{"0":{"name":"(anonymous_0)","decl":{"start":{"line":8,"column":0},"end":{"line":8,"column":13}},"loc":{"start":{"line":8,"column":0},"end":{"line":190,"column":null}}},"1":{"name":"Model","decl":{"start":{"line":12,"column":4},"end":{"line":12,"column":17}},"loc":{"start":{"line":12,"column":43},"end":{"line":40,"column":5}}},"2":{"name":"(anonymous_2)","decl":{"start":{"line":26,"column":54},"end":{"line":26,"column":55}},"loc":{"start":{"line":26,"column":73},"end":{"line":31,"column":9}}},"3":{"name":"(anonymous_3)","decl":{"start":{"line":33,"column":61},"end":{"line":33,"column":62}},"loc":{"start":{"line":33,"column":84},"end":{"line":35,"column":9}}},"4":{"name":"(anonymous_4)","decl":{"start":{"line":37,"column":60},"end":{"line":37,"column":61}},"loc":{"start":{"line":37,"column":72},"end":{"line":39,"column":9}}},"5":{"name":"(anonymous_5)","decl":{"start":{"line":41,"column":4},"end":{"line":41,"column":12}},"loc":{"start":{"line":41,"column":4},"end":{"line":43,"column":5}}},"6":{"name":"(anonymous_6)","decl":{"start":{"line":44,"column":4},"end":{"line":44,"column":12}},"loc":{"start":{"line":44,"column":63},"end":{"line":49,"column":5}}},"7":{"name":"(anonymous_7)","decl":{"start":{"line":50,"column":4},"end":{"line":50,"column":12}},"loc":{"start":{"line":50,"column":63},"end":{"line":55,"column":5}}},"8":{"name":"(anonymous_8)","decl":{"start":{"line":57,"column":4},"end":{"line":57,"column":12}},"loc":{"start":{"line":57,"column":48},"end":{"line":89,"column":5}}},"9":{"name":"(anonymous_9)","decl":{"start":{"line":58,"column":35},"end":{"line":58,"column":36}},"loc":{"start":{"line":58,"column":62},"end":{"line":88,"column":9}}},"10":{"name":"(anonymous_10)","decl":{"start":{"line":91,"column":4},"end":{"line":91,"column":12}},"loc":{"start":{"line":91,"column":4},"end":{"line":113,"column":5}}},"11":{"name":"(anonymous_11)","decl":{"start":{"line":92,"column":40},"end":{"line":92,"column":41}},"loc":{"start":{"line":92,"column":67},"end":{"line":112,"column":9}}},"12":{"name":"(anonymous_12)","decl":{"start":{"line":115,"column":4},"end":{"line":115,"column":11}},"loc":{"start":{"line":115,"column":37},"end":{"line":121,"column":5}}},"13":{"name":"(anonymous_13)","decl":{"start":{"line":123,"column":4},"end":{"line":123,"column":11}},"loc":{"start":{"line":123,"column":37},"end":{"line":129,"column":5}}},"14":{"name":"(anonymous_14)","decl":{"start":{"line":131,"column":4},"end":{"line":131,"column":11}},"loc":{"start":{"line":131,"column":43},"end":{"line":143,"column":5}}},"15":{"name":"(anonymous_15)","decl":{"start":{"line":145,"column":4},"end":{"line":145,"column":11}},"loc":{"start":{"line":145,"column":68},"end":{"line":151,"column":5}}},"16":{"name":"(anonymous_16)","decl":{"start":{"line":153,"column":4},"end":{"line":153,"column":11}},"loc":{"start":{"line":153,"column":39},"end":{"line":165,"column":5}}},"17":{"name":"(anonymous_17)","decl":{"start":{"line":167,"column":4},"end":{"line":167,"column":11}},"loc":{"start":{"line":167,"column":44},"end":{"line":172,"column":5}}},"18":{"name":"(anonymous_18)","decl":{"start":{"line":174,"column":4},"end":{"line":174,"column":11}},"loc":{"start":{"line":174,"column":47},"end":{"line":181,"column":5}}},"19":{"name":"(anonymous_19)","decl":{"start":{"line":182,"column":4},"end":{"line":182,"column":12}},"loc":{"start":{"line":182,"column":63},"end":{"line":185,"column":5}}},"20":{"name":"(anonymous_20)","decl":{"start":{"line":186,"column":4},"end":{"line":186,"column":12}},"loc":{"start":{"line":186,"column":63},"end":{"line":189,"column":5}}}},"branchMap":{"0":{"loc":{"start":{"line":45,"column":8},"end":{"line":48,"column":10}},"type":"if","locations":[{"start":{"line":45,"column":8},"end":{"line":48,"column":10}},{"start":{"line":45,"column":8},"end":{"line":48,"column":10}}]},"1":{"loc":{"start":{"line":51,"column":8},"end":{"line":54,"column":10}},"type":"if","locations":[{"start":{"line":51,"column":8},"end":{"line":54,"column":10}},{"start":{"line":51,"column":8},"end":{"line":54,"column":10}}]},"2":{"loc":{"start":{"line":65,"column":12},"end":{"line":67,"column":14}},"type":"if","locations":[{"start":{"line":65,"column":12},"end":{"line":67,"column":14}},{"start":{"line":65,"column":12},"end":{"line":67,"column":14}}]},"3":{"loc":{"start":{"line":69,"column":12},"end":{"line":78,"column":null}},"type":"if","locations":[{"start":{"line":69,"column":12},"end":{"line":78,"column":null}},{"start":{"line":69,"column":12},"end":{"line":78,"column":null}}]},"4":{"loc":{"start":{"line":72,"column":19},"end":{"line":78,"column":null}},"type":"if","locations":[{"start":{"line":72,"column":19},"end":{"line":78,"column":null}},{"start":{"line":72,"column":19},"end":{"line":78,"column":null}}]},"5":{"loc":{"start":{"line":75,"column":19},"end":{"line":78,"column":null}},"type":"if","locations":[{"start":{"line":75,"column":19},"end":{"line":78,"column":null}},{"start":{"line":75,"column":19},"end":{"line":78,"column":null}}]},"6":{"loc":{"start":{"line":80,"column":12},"end":{"line":83,"column":14}},"type":"if","locations":[{"start":{"line":80,"column":12},"end":{"line":83,"column":14}},{"start":{"line":80,"column":12},"end":{"line":83,"column":14}}]},"7":{"loc":{"start":{"line":84,"column":12},"end":{"line":87,"column":null}},"type":"if","locations":[{"start":{"line":84,"column":12},"end":{"line":87,"column":null}},{"start":{"line":84,"column":12},"end":{"line":87,"column":null}}]},"8":{"loc":{"start":{"line":96,"column":12},"end":{"line":103,"column":null}},"type":"if","locations":[{"start":{"line":96,"column":12},"end":{"line":103,"column":null}},{"start":{"line":96,"column":12},"end":{"line":103,"column":null}}]},"9":{"loc":{"start":{"line":96,"column":16},"end":{"line":96,"column":23}},"type":"binary-expr","locations":[{"start":{"line":96,"column":16},"end":{"line":96,"column":23}},{"start":{"line":96,"column":27},"end":{"line":96,"column":68}}]},"10":{"loc":{"start":{"line":98,"column":16},"end":{"line":101,"column":null}},"type":"if","locations":[{"start":{"line":98,"column":16},"end":{"line":101,"column":null}},{"start":{"line":98,"column":16},"end":{"line":101,"column":null}}]},"11":{"loc":{"start":{"line":104,"column":12},"end":{"line":111,"column":null}},"type":"if","locations":[{"start":{"line":104,"column":12},"end":{"line":111,"column":null}},{"start":{"line":104,"column":12},"end":{"line":111,"column":null}}]},"12":{"loc":{"start":{"line":104,"column":16},"end":{"line":104,"column":80}},"type":"binary-expr","locations":[{"start":{"line":104,"column":16},"end":{"line":104,"column":80}},{"start":{"line":104,"column":84},"end":{"line":104,"column":125}}]},"13":{"loc":{"start":{"line":106,"column":16},"end":{"line":109,"column":null}},"type":"if","locations":[{"start":{"line":106,"column":16},"end":{"line":109,"column":null}},{"start":{"line":106,"column":16},"end":{"line":109,"column":null}}]},"14":{"loc":{"start":{"line":116,"column":8},"end":{"line":118,"column":null}},"type":"if","locations":[{"start":{"line":116,"column":8},"end":{"line":118,"column":null}},{"start":{"line":116,"column":8},"end":{"line":118,"column":null}}]},"15":{"loc":{"start":{"line":124,"column":8},"end":{"line":126,"column":null}},"type":"if","locations":[{"start":{"line":124,"column":8},"end":{"line":126,"column":null}},{"start":{"line":124,"column":8},"end":{"line":126,"column":null}}]},"16":{"loc":{"start":{"line":132,"column":8},"end":{"line":134,"column":null}},"type":"if","locations":[{"start":{"line":132,"column":8},"end":{"line":134,"column":null}},{"start":{"line":132,"column":8},"end":{"line":134,"column":null}}]},"17":{"loc":{"start":{"line":135,"column":8},"end":{"line":141,"column":null}},"type":"if","locations":[{"start":{"line":135,"column":8},"end":{"line":141,"column":null}},{"start":{"line":135,"column":8},"end":{"line":141,"column":null}}]},"18":{"loc":{"start":{"line":137,"column":15},"end":{"line":141,"column":null}},"type":"if","locations":[{"start":{"line":137,"column":15},"end":{"line":141,"column":null}},{"start":{"line":137,"column":15},"end":{"line":141,"column":null}}]},"19":{"loc":{"start":{"line":146,"column":8},"end":{"line":148,"column":null}},"type":"if","locations":[{"start":{"line":146,"column":8},"end":{"line":148,"column":null}},{"start":{"line":146,"column":8},"end":{"line":148,"column":null}}]},"20":{"loc":{"start":{"line":154,"column":8},"end":{"line":156,"column":null}},"type":"if","locations":[{"start":{"line":154,"column":8},"end":{"line":156,"column":null}},{"start":{"line":154,"column":8},"end":{"line":156,"column":null}}]},"21":{"loc":{"start":{"line":157,"column":8},"end":{"line":163,"column":null}},"type":"if","locations":[{"start":{"line":157,"column":8},"end":{"line":163,"column":null}},{"start":{"line":157,"column":8},"end":{"line":163,"column":null}}]},"22":{"loc":{"start":{"line":159,"column":15},"end":{"line":163,"column":null}},"type":"if","locations":[{"start":{"line":159,"column":15},"end":{"line":163,"column":null}},{"start":{"line":159,"column":15},"end":{"line":163,"column":null}}]},"23":{"loc":{"start":{"line":168,"column":8},"end":{"line":171,"column":null}},"type":"if","locations":[{"start":{"line":168,"column":8},"end":{"line":171,"column":null}},{"start":{"line":168,"column":8},"end":{"line":171,"column":null}}]},"24":{"loc":{"start":{"line":175,"column":8},"end":{"line":179,"column":null}},"type":"if","locations":[{"start":{"line":175,"column":8},"end":{"line":179,"column":null}},{"start":{"line":175,"column":8},"end":{"line":179,"column":null}}]},"25":{"loc":{"start":{"line":177,"column":15},"end":{"line":179,"column":null}},"type":"if","locations":[{"start":{"line":177,"column":15},"end":{"line":179,"column":null}},{"start":{"line":177,"column":15},"end":{"line":179,"column":null}}]}},"s":{"0":1,"1":1,"2":1,"3":1,"4":1,"5":1,"6":39,"7":39,"8":39,"9":39,"10":1,"11":0,"12":1,"13":0,"14":1,"15":39,"16":1,"17":39,"18":1,"19":1,"20":1,"21":39,"22":1,"23":1,"24":1,"25":39,"26":39,"27":156,"28":156,"29":156,"30":156,"31":156,"32":156,"33":11,"34":156,"35":0,"36":0,"37":156,"38":2,"39":2,"40":154,"41":10,"42":10,"43":156,"44":2,"45":2,"46":156,"47":0,"48":0,"49":1,"50":39,"51":39,"52":156,"53":156,"54":156,"55":0,"56":0,"57":0,"58":0,"59":0,"60":156,"61":4,"62":4,"63":0,"64":0,"65":4,"66":1,"67":2,"68":0,"69":2,"70":2,"71":1,"72":2,"73":0,"74":2,"75":2,"76":1,"77":3,"78":0,"79":3,"80":1,"81":2,"82":1,"83":1,"84":3,"85":1,"86":4,"87":1,"88":3,"89":3,"90":1,"91":4,"92":0,"93":4,"94":1,"95":3,"96":0,"97":3,"98":4,"99":1,"100":2,"101":2,"102":2,"103":1,"104":2,"105":1,"106":1,"107":1,"108":2,"109":1,"110":0,"111":0,"112":1,"113":0,"114":0,"115":1,"116":1},"f":{"0":1,"1":1,"2":39,"3":0,"4":0,"5":39,"6":39,"7":39,"8":39,"9":156,"10":39,"11":156,"12":2,"13":2,"14":3,"15":4,"16":4,"17":2,"18":2,"19":0,"20":0},"b":{"0":[1,38],"1":[1,38],"2":[11,145],"3":[0,156],"4":[2,154],"5":[10,144],"6":[2,154],"7":[0,156],"8":[0,156],"9":[156,117],"10":[0,0],"11":[4,152],"12":[156,156],"13":[0,4],"14":[0,2],"15":[0,2],"16":[0,3],"17":[1,2],"18":[1,1],"19":[1,3],"20":[0,4],"21":[1,3],"22":[0,3],"23":[2,0],"24":[1,1],"25":[1,0]}}
,"/Users/veronikazdorova/jQuery-slider/src/slider/view.ts": {"path":"/Users/veronikazdorova/jQuery-slider/src/slider/view.ts","statementMap":{"0":{"start":{"line":1,"column":0},"end":{"line":1,"column":64}},"1":{"start":{"line":2,"column":0},"end":{"line":2,"column":60}},"2":{"start":{"line":6,"column":0},"end":{"line":6,"column":56}},"3":{"start":{"line":8,"column":0},"end":{"line":8,"column":13}},"4":{"start":{"line":28,"column":4},"end":{"line":28,"column":16}},"5":{"start":{"line":29,"column":8},"end":{"line":80,"column":null}},"6":{"start":{"line":46,"column":12},"end":{"line":46,"column":36}},"7":{"start":{"line":47,"column":12},"end":{"line":49,"column":null}},"8":{"start":{"line":48,"column":16},"end":{"line":48,"column":59}},"9":{"start":{"line":50,"column":12},"end":{"line":52,"column":null}},"10":{"start":{"line":51,"column":16},"end":{"line":51,"column":57}},"11":{"start":{"line":53,"column":12},"end":{"line":61,"column":null}},"12":{"start":{"line":54,"column":16},"end":{"line":54,"column":70}},"13":{"start":{"line":55,"column":16},"end":{"line":55,"column":47}},"14":{"start":{"line":56,"column":16},"end":{"line":60,"column":null}},"15":{"start":{"line":57,"column":20},"end":{"line":57,"column":45}},"16":{"start":{"line":58,"column":20},"end":{"line":58,"column":47}},"17":{"start":{"line":59,"column":20},"end":{"line":59,"column":45}},"18":{"start":{"line":62,"column":12},"end":{"line":68,"column":null}},"19":{"start":{"line":63,"column":16},"end":{"line":63,"column":36}},"20":{"start":{"line":64,"column":16},"end":{"line":64,"column":44}},"21":{"start":{"line":65,"column":16},"end":{"line":65,"column":43}},"22":{"start":{"line":67,"column":16},"end":{"line":67,"column":49}},"23":{"start":{"line":69,"column":12},"end":{"line":71,"column":null}},"24":{"start":{"line":70,"column":16},"end":{"line":70,"column":42}},"25":{"start":{"line":72,"column":12},"end":{"line":74,"column":null}},"26":{"start":{"line":73,"column":16},"end":{"line":73,"column":35}},"27":{"start":{"line":75,"column":12},"end":{"line":77,"column":null}},"28":{"start":{"line":76,"column":16},"end":{"line":76,"column":35}},"29":{"start":{"line":78,"column":12},"end":{"line":78,"column":42}},"30":{"start":{"line":79,"column":12},"end":{"line":79,"column":37}},"31":{"start":{"line":82,"column":12},"end":{"line":86,"column":null}},"32":{"start":{"line":83,"column":8},"end":{"line":85,"column":null}},"33":{"start":{"line":84,"column":12},"end":{"line":84,"column":73}},"34":{"start":{"line":88,"column":12},"end":{"line":112,"column":null}},"35":{"start":{"line":88,"column":4},"end":{"line":88,"column":12}},"36":{"start":{"line":89,"column":8},"end":{"line":103,"column":null}},"37":{"start":{"line":92,"column":49},"end":{"line":92,"column":85}},"38":{"start":{"line":93,"column":48},"end":{"line":93,"column":84}},"39":{"start":{"line":94,"column":51},"end":{"line":94,"column":89}},"40":{"start":{"line":95,"column":55},"end":{"line":95,"column":98}},"41":{"start":{"line":97,"column":16},"end":{"line":97,"column":47}},"42":{"start":{"line":98,"column":16},"end":{"line":98,"column":50}},"43":{"start":{"line":99,"column":16},"end":{"line":99,"column":56}},"44":{"start":{"line":100,"column":16},"end":{"line":100,"column":48}},"45":{"start":{"line":101,"column":16},"end":{"line":101,"column":53}},"46":{"start":{"line":102,"column":16},"end":{"line":102,"column":71}},"47":{"start":{"line":104,"column":40},"end":{"line":104,"column":76}},"48":{"start":{"line":105,"column":44},"end":{"line":105,"column":84}},"49":{"start":{"line":107,"column":8},"end":{"line":107,"column":39}},"50":{"start":{"line":108,"column":8},"end":{"line":108,"column":42}},"51":{"start":{"line":110,"column":8},"end":{"line":110,"column":52}},"52":{"start":{"line":111,"column":8},"end":{"line":111,"column":44}},"53":{"start":{"line":113,"column":12},"end":{"line":153,"column":null}},"54":{"start":{"line":113,"column":4},"end":{"line":113,"column":12}},"55":{"start":{"line":114,"column":8},"end":{"line":137,"column":null}},"56":{"start":{"line":115,"column":33},"end":{"line":115,"column":83}},"57":{"start":{"line":116,"column":12},"end":{"line":118,"column":null}},"58":{"start":{"line":117,"column":16},"end":{"line":117,"column":65}},"59":{"start":{"line":119,"column":12},"end":{"line":136,"column":null}},"60":{"start":{"line":122,"column":53},"end":{"line":122,"column":89}},"61":{"start":{"line":123,"column":52},"end":{"line":123,"column":88}},"62":{"start":{"line":124,"column":55},"end":{"line":124,"column":93}},"63":{"start":{"line":125,"column":59},"end":{"line":125,"column":102}},"64":{"start":{"line":127,"column":20},"end":{"line":127,"column":51}},"65":{"start":{"line":128,"column":20},"end":{"line":128,"column":54}},"66":{"start":{"line":129,"column":20},"end":{"line":129,"column":60}},"67":{"start":{"line":130,"column":20},"end":{"line":130,"column":52}},"68":{"start":{"line":131,"column":20},"end":{"line":131,"column":57}},"69":{"start":{"line":132,"column":20},"end":{"line":132,"column":75}},"70":{"start":{"line":134,"column":20},"end":{"line":134,"column":56}},"71":{"start":{"line":135,"column":20},"end":{"line":135,"column":46}},"72":{"start":{"line":138,"column":8},"end":{"line":152,"column":null}},"73":{"start":{"line":139,"column":42},"end":{"line":139,"column":92}},"74":{"start":{"line":140,"column":44},"end":{"line":140,"column":92}},"75":{"start":{"line":142,"column":12},"end":{"line":150,"column":null}},"76":{"start":{"line":145,"column":20},"end":{"line":145,"column":63}},"77":{"start":{"line":146,"column":20},"end":{"line":146,"column":53}},"78":{"start":{"line":147,"column":20},"end":{"line":147,"column":65}},"79":{"start":{"line":148,"column":36},"end":{"line":148,"column":57}},"80":{"start":{"line":149,"column":20},"end":{"line":149,"column":55}},"81":{"start":{"line":151,"column":12},"end":{"line":151,"column":90}},"82":{"start":{"line":154,"column":12},"end":{"line":177,"column":null}},"83":{"start":{"line":154,"column":4},"end":{"line":154,"column":12}},"84":{"start":{"line":155,"column":45},"end":{"line":155,"column":95}},"85":{"start":{"line":156,"column":8},"end":{"line":156,"column":44}},"86":{"start":{"line":157,"column":43},"end":{"line":157,"column":99}},"87":{"start":{"line":158,"column":8},"end":{"line":160,"column":11}},"88":{"start":{"line":159,"column":12},"end":{"line":159,"column":29}},"89":{"start":{"line":161,"column":8},"end":{"line":165,"column":11}},"90":{"start":{"line":162,"column":51},"end":{"line":162,"column":94}},"91":{"start":{"line":163,"column":12},"end":{"line":163,"column":46}},"92":{"start":{"line":164,"column":12},"end":{"line":164,"column":67}},"93":{"start":{"line":166,"column":56},"end":{"line":166,"column":105}},"94":{"start":{"line":167,"column":8},"end":{"line":167,"column":36}},"95":{"start":{"line":169,"column":40},"end":{"line":169,"column":76}},"96":{"start":{"line":170,"column":44},"end":{"line":170,"column":84}},"97":{"start":{"line":172,"column":8},"end":{"line":172,"column":39}},"98":{"start":{"line":173,"column":8},"end":{"line":173,"column":42}},"99":{"start":{"line":175,"column":8},"end":{"line":175,"column":44}},"100":{"start":{"line":176,"column":8},"end":{"line":176,"column":52}},"101":{"start":{"line":179,"column":12},"end":{"line":185,"column":null}},"102":{"start":{"line":180,"column":40},"end":{"line":180,"column":88}},"103":{"start":{"line":181,"column":38},"end":{"line":181,"column":59}},"104":{"start":{"line":183,"column":8},"end":{"line":183,"column":128}},"105":{"start":{"line":184,"column":8},"end":{"line":184,"column":86}},"106":{"start":{"line":187,"column":12},"end":{"line":192,"column":null}},"107":{"start":{"line":188,"column":38},"end":{"line":188,"column":56}},"108":{"start":{"line":189,"column":8},"end":{"line":191,"column":null}},"109":{"start":{"line":190,"column":12},"end":{"line":190,"column":135}},"110":{"start":{"line":193,"column":12},"end":{"line":199,"column":null}},"111":{"start":{"line":194,"column":38},"end":{"line":194,"column":56}},"112":{"start":{"line":195,"column":8},"end":{"line":195,"column":142}},"113":{"start":{"line":197,"column":8},"end":{"line":197,"column":86}},"114":{"start":{"line":198,"column":8},"end":{"line":198,"column":179}},"115":{"start":{"line":202,"column":12},"end":{"line":208,"column":null}},"116":{"start":{"line":202,"column":4},"end":{"line":202,"column":12}},"117":{"start":{"line":203,"column":8},"end":{"line":207,"column":null}},"118":{"start":{"line":204,"column":12},"end":{"line":206,"column":15}},"119":{"start":{"line":205,"column":16},"end":{"line":205,"column":78}},"120":{"start":{"line":209,"column":12},"end":{"line":214,"column":null}},"121":{"start":{"line":209,"column":4},"end":{"line":209,"column":12}},"122":{"start":{"line":210,"column":38},"end":{"line":210,"column":56}},"123":{"start":{"line":211,"column":8},"end":{"line":213,"column":11}},"124":{"start":{"line":212,"column":12},"end":{"line":212,"column":null}},"125":{"start":{"line":212,"column":59},"end":{"line":212,"column":99}},"126":{"start":{"line":215,"column":12},"end":{"line":219,"column":null}},"127":{"start":{"line":215,"column":4},"end":{"line":215,"column":12}},"128":{"start":{"line":216,"column":38},"end":{"line":216,"column":56}},"129":{"start":{"line":217,"column":24},"end":{"line":217,"column":43}},"130":{"start":{"line":218,"column":8},"end":{"line":218,"column":100}},"131":{"start":{"line":218,"column":59},"end":{"line":218,"column":99}},"132":{"start":{"line":220,"column":12},"end":{"line":240,"column":null}},"133":{"start":{"line":220,"column":4},"end":{"line":220,"column":12}},"134":{"start":{"line":221,"column":8},"end":{"line":221,"column":35}},"135":{"start":{"line":222,"column":8},"end":{"line":222,"column":31}},"136":{"start":{"line":224,"column":38},"end":{"line":224,"column":56}},"137":{"start":{"line":225,"column":34},"end":{"line":225,"column":45}},"138":{"start":{"line":226,"column":37},"end":{"line":226,"column":42}},"139":{"start":{"line":228,"column":8},"end":{"line":233,"column":null}},"140":{"start":{"line":229,"column":12},"end":{"line":229,"column":81}},"141":{"start":{"line":230,"column":12},"end":{"line":230,"column":99}},"142":{"start":{"line":231,"column":12},"end":{"line":231,"column":89}},"143":{"start":{"line":232,"column":12},"end":{"line":232,"column":59}},"144":{"start":{"line":235,"column":27},"end":{"line":235,"column":54}},"145":{"start":{"line":235,"column":50},"end":{"line":235,"column":97}},"146":{"start":{"line":236,"column":8},"end":{"line":236,"column":59}},"147":{"start":{"line":238,"column":27},"end":{"line":238,"column":54}},"148":{"start":{"line":238,"column":50},"end":{"line":238,"column":104}},"149":{"start":{"line":239,"column":8},"end":{"line":239,"column":57}},"150":{"start":{"line":241,"column":12},"end":{"line":294,"column":null}},"151":{"start":{"line":242,"column":38},"end":{"line":242,"column":56}},"152":{"start":{"line":243,"column":37},"end":{"line":243,"column":42}},"153":{"start":{"line":245,"column":8},"end":{"line":276,"column":null}},"154":{"start":{"line":246,"column":12},"end":{"line":246,"column":100}},"155":{"start":{"line":247,"column":12},"end":{"line":255,"column":null}},"156":{"start":{"line":248,"column":16},"end":{"line":250,"column":null}},"157":{"start":{"line":249,"column":20},"end":{"line":249,"column":131}},"158":{"start":{"line":251,"column":16},"end":{"line":253,"column":null}},"159":{"start":{"line":252,"column":20},"end":{"line":252,"column":41}},"160":{"start":{"line":254,"column":16},"end":{"line":254,"column":79}},"161":{"start":{"line":256,"column":12},"end":{"line":264,"column":null}},"162":{"start":{"line":257,"column":16},"end":{"line":259,"column":null}},"163":{"start":{"line":258,"column":20},"end":{"line":258,"column":131}},"164":{"start":{"line":260,"column":16},"end":{"line":262,"column":null}},"165":{"start":{"line":261,"column":20},"end":{"line":261,"column":131}},"166":{"start":{"line":263,"column":16},"end":{"line":263,"column":79}},"167":{"start":{"line":265,"column":12},"end":{"line":273,"column":null}},"168":{"start":{"line":266,"column":16},"end":{"line":268,"column":null}},"169":{"start":{"line":267,"column":20},"end":{"line":267,"column":131}},"170":{"start":{"line":269,"column":16},"end":{"line":271,"column":null}},"171":{"start":{"line":270,"column":20},"end":{"line":270,"column":52}},"172":{"start":{"line":272,"column":16},"end":{"line":272,"column":79}},"173":{"start":{"line":275,"column":12},"end":{"line":275,"column":83}},"174":{"start":{"line":277,"column":8},"end":{"line":292,"column":null}},"175":{"start":{"line":279,"column":12},"end":{"line":279,"column":69}},"176":{"start":{"line":281,"column":12},"end":{"line":287,"column":null}},"177":{"start":{"line":282,"column":33},"end":{"line":282,"column":135}},"178":{"start":{"line":284,"column":16},"end":{"line":286,"column":null}},"179":{"start":{"line":285,"column":20},"end":{"line":285,"column":76}},"180":{"start":{"line":289,"column":12},"end":{"line":291,"column":null}},"181":{"start":{"line":290,"column":16},"end":{"line":290,"column":108}},"182":{"start":{"line":293,"column":8},"end":{"line":293,"column":56}},"183":{"start":{"line":295,"column":12},"end":{"line":307,"column":null}},"184":{"start":{"line":296,"column":8},"end":{"line":296,"column":56}},"185":{"start":{"line":298,"column":8},"end":{"line":300,"column":null}},"186":{"start":{"line":299,"column":12},"end":{"line":299,"column":129}},"187":{"start":{"line":302,"column":8},"end":{"line":302,"column":62}},"188":{"start":{"line":303,"column":8},"end":{"line":303,"column":60}},"189":{"start":{"line":305,"column":8},"end":{"line":305,"column":33}},"190":{"start":{"line":306,"column":8},"end":{"line":306,"column":38}},"191":{"start":{"line":315,"column":11},"end":{"line":324,"column":null}},"192":{"start":{"line":316,"column":43},"end":{"line":316,"column":47}},"193":{"start":{"line":318,"column":8},"end":{"line":322,"column":null}},"194":{"start":{"line":319,"column":12},"end":{"line":319,"column":98}},"195":{"start":{"line":320,"column":12},"end":{"line":320,"column":64}},"196":{"start":{"line":321,"column":12},"end":{"line":321,"column":52}},"197":{"start":{"line":323,"column":8},"end":{"line":323,"column":29}},"198":{"start":{"line":326,"column":12},"end":{"line":330,"column":null}},"199":{"start":{"line":327,"column":8},"end":{"line":329,"column":null}},"200":{"start":{"line":328,"column":12},"end":{"line":328,"column":93}},"201":{"start":{"line":332,"column":12},"end":{"line":337,"column":null}},"202":{"start":{"line":333,"column":43},"end":{"line":333,"column":93}},"203":{"start":{"line":334,"column":8},"end":{"line":336,"column":11}},"204":{"start":{"line":335,"column":12},"end":{"line":335,"column":57}},"205":{"start":{"line":339,"column":12},"end":{"line":344,"column":null}},"206":{"start":{"line":340,"column":43},"end":{"line":340,"column":93}},"207":{"start":{"line":341,"column":8},"end":{"line":343,"column":11}},"208":{"start":{"line":342,"column":12},"end":{"line":342,"column":60}},"209":{"start":{"line":345,"column":0},"end":{"line":345,"column":null}},"210":{"start":{"line":8,"column":13},"end":{"line":8,"column":17}}},"fnMap":{"0":{"name":"(anonymous_0)","decl":{"start":{"line":8,"column":0},"end":{"line":8,"column":13}},"loc":{"start":{"line":8,"column":0},"end":{"line":345,"column":null}}},"1":{"name":"View","decl":{"start":{"line":28,"column":4},"end":{"line":28,"column":16}},"loc":{"start":{"line":28,"column":64},"end":{"line":81,"column":5}}},"2":{"name":"(anonymous_2)","decl":{"start":{"line":45,"column":54},"end":{"line":45,"column":55}},"loc":{"start":{"line":45,"column":73},"end":{"line":80,"column":9}}},"3":{"name":"(anonymous_3)","decl":{"start":{"line":82,"column":4},"end":{"line":82,"column":12}},"loc":{"start":{"line":82,"column":4},"end":{"line":86,"column":5}}},"4":{"name":"(anonymous_4)","decl":{"start":{"line":88,"column":4},"end":{"line":88,"column":12}},"loc":{"start":{"line":88,"column":4},"end":{"line":112,"column":5}}},"5":{"name":"(anonymous_5)","decl":{"start":{"line":91,"column":21},"end":{"line":91,"column":null}},"loc":{"start":{"line":91,"column":21},"end":{"line":103,"column":13}}},"6":{"name":"(anonymous_6)","decl":{"start":{"line":113,"column":4},"end":{"line":113,"column":12}},"loc":{"start":{"line":113,"column":4},"end":{"line":153,"column":5}}},"7":{"name":"(anonymous_7)","decl":{"start":{"line":121,"column":25},"end":{"line":121,"column":null}},"loc":{"start":{"line":121,"column":25},"end":{"line":136,"column":17}}},"8":{"name":"(anonymous_8)","decl":{"start":{"line":144,"column":25},"end":{"line":144,"column":26}},"loc":{"start":{"line":144,"column":53},"end":{"line":150,"column":17}}},"9":{"name":"(anonymous_9)","decl":{"start":{"line":154,"column":4},"end":{"line":154,"column":12}},"loc":{"start":{"line":154,"column":4},"end":{"line":177,"column":5}}},"10":{"name":"(anonymous_10)","decl":{"start":{"line":158,"column":28},"end":{"line":158,"column":29}},"loc":{"start":{"line":158,"column":49},"end":{"line":160,"column":9}}},"11":{"name":"(anonymous_11)","decl":{"start":{"line":161,"column":30},"end":{"line":161,"column":31}},"loc":{"start":{"line":161,"column":51},"end":{"line":165,"column":9}}},"12":{"name":"(anonymous_12)","decl":{"start":{"line":179,"column":4},"end":{"line":179,"column":12}},"loc":{"start":{"line":179,"column":4},"end":{"line":185,"column":5}}},"13":{"name":"(anonymous_13)","decl":{"start":{"line":187,"column":4},"end":{"line":187,"column":12}},"loc":{"start":{"line":187,"column":4},"end":{"line":192,"column":5}}},"14":{"name":"(anonymous_14)","decl":{"start":{"line":193,"column":4},"end":{"line":193,"column":12}},"loc":{"start":{"line":193,"column":4},"end":{"line":199,"column":5}}},"15":{"name":"(anonymous_15)","decl":{"start":{"line":202,"column":4},"end":{"line":202,"column":12}},"loc":{"start":{"line":202,"column":4},"end":{"line":208,"column":5}}},"16":{"name":"(anonymous_16)","decl":{"start":{"line":204,"column":49},"end":{"line":204,"column":50}},"loc":{"start":{"line":204,"column":76},"end":{"line":206,"column":13}}},"17":{"name":"(anonymous_17)","decl":{"start":{"line":209,"column":4},"end":{"line":209,"column":12}},"loc":{"start":{"line":209,"column":4},"end":{"line":214,"column":5}}},"18":{"name":"(anonymous_18)","decl":{"start":{"line":211,"column":25},"end":{"line":211,"column":26}},"loc":{"start":{"line":211,"column":57},"end":{"line":213,"column":9}}},"19":{"name":"(anonymous_19)","decl":{"start":{"line":212,"column":50},"end":{"line":212,"column":55}},"loc":{"start":{"line":212,"column":55},"end":{"line":212,"column":63}}},"20":{"name":"(anonymous_20)","decl":{"start":{"line":215,"column":4},"end":{"line":215,"column":12}},"loc":{"start":{"line":215,"column":4},"end":{"line":219,"column":5}}},"21":{"name":"(anonymous_21)","decl":{"start":{"line":218,"column":50},"end":{"line":218,"column":55}},"loc":{"start":{"line":218,"column":55},"end":{"line":218,"column":63}}},"22":{"name":"(anonymous_22)","decl":{"start":{"line":220,"column":4},"end":{"line":220,"column":12}},"loc":{"start":{"line":220,"column":80},"end":{"line":240,"column":5}}},"23":{"name":"(anonymous_23)","decl":{"start":{"line":235,"column":27},"end":{"line":235,"column":28}},"loc":{"start":{"line":235,"column":45},"end":{"line":235,"column":54}}},"24":{"name":"(anonymous_24)","decl":{"start":{"line":238,"column":27},"end":{"line":238,"column":28}},"loc":{"start":{"line":238,"column":45},"end":{"line":238,"column":54}}},"25":{"name":"(anonymous_25)","decl":{"start":{"line":241,"column":4},"end":{"line":241,"column":12}},"loc":{"start":{"line":241,"column":100},"end":{"line":294,"column":7}}},"26":{"name":"(anonymous_26)","decl":{"start":{"line":295,"column":4},"end":{"line":295,"column":12}},"loc":{"start":{"line":295,"column":151},"end":{"line":307,"column":7}}},"27":{"name":"(anonymous_27)","decl":{"start":{"line":315,"column":3},"end":{"line":315,"column":11}},"loc":{"start":{"line":315,"column":56},"end":{"line":324,"column":5}}},"28":{"name":"(anonymous_28)","decl":{"start":{"line":326,"column":4},"end":{"line":326,"column":12}},"loc":{"start":{"line":326,"column":76},"end":{"line":330,"column":5}}},"29":{"name":"(anonymous_29)","decl":{"start":{"line":332,"column":4},"end":{"line":332,"column":12}},"loc":{"start":{"line":332,"column":4},"end":{"line":337,"column":5}}},"30":{"name":"(anonymous_30)","decl":{"start":{"line":334,"column":28},"end":{"line":334,"column":29}},"loc":{"start":{"line":334,"column":49},"end":{"line":336,"column":9}}},"31":{"name":"(anonymous_31)","decl":{"start":{"line":339,"column":4},"end":{"line":339,"column":12}},"loc":{"start":{"line":339,"column":4},"end":{"line":344,"column":5}}},"32":{"name":"(anonymous_32)","decl":{"start":{"line":341,"column":28},"end":{"line":341,"column":29}},"loc":{"start":{"line":341,"column":49},"end":{"line":343,"column":9}}}},"branchMap":{"0":{"loc":{"start":{"line":47,"column":12},"end":{"line":49,"column":null}},"type":"if","locations":[{"start":{"line":47,"column":12},"end":{"line":49,"column":null}},{"start":{"line":47,"column":12},"end":{"line":49,"column":null}}]},"1":{"loc":{"start":{"line":50,"column":12},"end":{"line":52,"column":null}},"type":"if","locations":[{"start":{"line":50,"column":12},"end":{"line":52,"column":null}},{"start":{"line":50,"column":12},"end":{"line":52,"column":null}}]},"2":{"loc":{"start":{"line":53,"column":12},"end":{"line":61,"column":null}},"type":"if","locations":[{"start":{"line":53,"column":12},"end":{"line":61,"column":null}},{"start":{"line":53,"column":12},"end":{"line":61,"column":null}}]},"3":{"loc":{"start":{"line":56,"column":16},"end":{"line":60,"column":null}},"type":"if","locations":[{"start":{"line":56,"column":16},"end":{"line":60,"column":null}},{"start":{"line":56,"column":16},"end":{"line":60,"column":null}}]},"4":{"loc":{"start":{"line":62,"column":12},"end":{"line":68,"column":null}},"type":"if","locations":[{"start":{"line":62,"column":12},"end":{"line":68,"column":null}},{"start":{"line":62,"column":12},"end":{"line":68,"column":null}}]},"5":{"loc":{"start":{"line":69,"column":12},"end":{"line":71,"column":null}},"type":"if","locations":[{"start":{"line":69,"column":12},"end":{"line":71,"column":null}},{"start":{"line":69,"column":12},"end":{"line":71,"column":null}}]},"6":{"loc":{"start":{"line":72,"column":12},"end":{"line":74,"column":null}},"type":"if","locations":[{"start":{"line":72,"column":12},"end":{"line":74,"column":null}},{"start":{"line":72,"column":12},"end":{"line":74,"column":null}}]},"7":{"loc":{"start":{"line":75,"column":12},"end":{"line":77,"column":null}},"type":"if","locations":[{"start":{"line":75,"column":12},"end":{"line":77,"column":null}},{"start":{"line":75,"column":12},"end":{"line":77,"column":null}}]},"8":{"loc":{"start":{"line":83,"column":8},"end":{"line":85,"column":null}},"type":"if","locations":[{"start":{"line":83,"column":8},"end":{"line":85,"column":null}},{"start":{"line":83,"column":8},"end":{"line":85,"column":null}}]},"9":{"loc":{"start":{"line":114,"column":8},"end":{"line":137,"column":null}},"type":"if","locations":[{"start":{"line":114,"column":8},"end":{"line":137,"column":null}},{"start":{"line":114,"column":8},"end":{"line":137,"column":null}}]},"10":{"loc":{"start":{"line":116,"column":12},"end":{"line":118,"column":null}},"type":"if","locations":[{"start":{"line":116,"column":12},"end":{"line":118,"column":null}},{"start":{"line":116,"column":12},"end":{"line":118,"column":null}}]},"11":{"loc":{"start":{"line":138,"column":8},"end":{"line":152,"column":null}},"type":"if","locations":[{"start":{"line":138,"column":8},"end":{"line":152,"column":null}},{"start":{"line":138,"column":8},"end":{"line":152,"column":null}}]},"12":{"loc":{"start":{"line":189,"column":8},"end":{"line":191,"column":null}},"type":"if","locations":[{"start":{"line":189,"column":8},"end":{"line":191,"column":null}},{"start":{"line":189,"column":8},"end":{"line":191,"column":null}}]},"13":{"loc":{"start":{"line":189,"column":11},"end":{"line":189,"column":26}},"type":"binary-expr","locations":[{"start":{"line":189,"column":11},"end":{"line":189,"column":26}},{"start":{"line":189,"column":30},"end":{"line":189,"column":56}}]},"14":{"loc":{"start":{"line":203,"column":8},"end":{"line":207,"column":null}},"type":"if","locations":[{"start":{"line":203,"column":8},"end":{"line":207,"column":null}},{"start":{"line":203,"column":8},"end":{"line":207,"column":null}}]},"15":{"loc":{"start":{"line":203,"column":11},"end":{"line":203,"column":26}},"type":"binary-expr","locations":[{"start":{"line":203,"column":11},"end":{"line":203,"column":26}},{"start":{"line":203,"column":30},"end":{"line":203,"column":56}}]},"16":{"loc":{"start":{"line":228,"column":8},"end":{"line":233,"column":null}},"type":"if","locations":[{"start":{"line":228,"column":8},"end":{"line":233,"column":null}},{"start":{"line":228,"column":8},"end":{"line":233,"column":null}}]},"17":{"loc":{"start":{"line":228,"column":11},"end":{"line":228,"column":21}},"type":"binary-expr","locations":[{"start":{"line":228,"column":11},"end":{"line":228,"column":21}},{"start":{"line":228,"column":26},"end":{"line":228,"column":52}}]},"18":{"loc":{"start":{"line":245,"column":8},"end":{"line":276,"column":null}},"type":"if","locations":[{"start":{"line":245,"column":8},"end":{"line":276,"column":null}},{"start":{"line":245,"column":8},"end":{"line":276,"column":null}}]},"19":{"loc":{"start":{"line":245,"column":11},"end":{"line":245,"column":21}},"type":"binary-expr","locations":[{"start":{"line":245,"column":11},"end":{"line":245,"column":21}},{"start":{"line":245,"column":26},"end":{"line":245,"column":52}}]},"20":{"loc":{"start":{"line":247,"column":12},"end":{"line":255,"column":null}},"type":"if","locations":[{"start":{"line":247,"column":12},"end":{"line":255,"column":null}},{"start":{"line":247,"column":12},"end":{"line":255,"column":null}}]},"21":{"loc":{"start":{"line":248,"column":16},"end":{"line":250,"column":null}},"type":"if","locations":[{"start":{"line":248,"column":16},"end":{"line":250,"column":null}},{"start":{"line":248,"column":16},"end":{"line":250,"column":null}}]},"22":{"loc":{"start":{"line":251,"column":16},"end":{"line":253,"column":null}},"type":"if","locations":[{"start":{"line":251,"column":16},"end":{"line":253,"column":null}},{"start":{"line":251,"column":16},"end":{"line":253,"column":null}}]},"23":{"loc":{"start":{"line":256,"column":12},"end":{"line":264,"column":null}},"type":"if","locations":[{"start":{"line":256,"column":12},"end":{"line":264,"column":null}},{"start":{"line":256,"column":12},"end":{"line":264,"column":null}}]},"24":{"loc":{"start":{"line":256,"column":16},"end":{"line":256,"column":21}},"type":"binary-expr","locations":[{"start":{"line":256,"column":16},"end":{"line":256,"column":21}},{"start":{"line":256,"column":25},"end":{"line":256,"column":48}}]},"25":{"loc":{"start":{"line":257,"column":16},"end":{"line":259,"column":null}},"type":"if","locations":[{"start":{"line":257,"column":16},"end":{"line":259,"column":null}},{"start":{"line":257,"column":16},"end":{"line":259,"column":null}}]},"26":{"loc":{"start":{"line":260,"column":16},"end":{"line":262,"column":null}},"type":"if","locations":[{"start":{"line":260,"column":16},"end":{"line":262,"column":null}},{"start":{"line":260,"column":16},"end":{"line":262,"column":null}}]},"27":{"loc":{"start":{"line":265,"column":12},"end":{"line":273,"column":null}},"type":"if","locations":[{"start":{"line":265,"column":12},"end":{"line":273,"column":null}},{"start":{"line":265,"column":12},"end":{"line":273,"column":null}}]},"28":{"loc":{"start":{"line":266,"column":16},"end":{"line":268,"column":null}},"type":"if","locations":[{"start":{"line":266,"column":16},"end":{"line":268,"column":null}},{"start":{"line":266,"column":16},"end":{"line":268,"column":null}}]},"29":{"loc":{"start":{"line":269,"column":16},"end":{"line":271,"column":null}},"type":"if","locations":[{"start":{"line":269,"column":16},"end":{"line":271,"column":null}},{"start":{"line":269,"column":16},"end":{"line":271,"column":null}}]},"30":{"loc":{"start":{"line":277,"column":8},"end":{"line":292,"column":null}},"type":"if","locations":[{"start":{"line":277,"column":8},"end":{"line":292,"column":null}},{"start":{"line":277,"column":8},"end":{"line":292,"column":null}}]},"31":{"loc":{"start":{"line":277,"column":11},"end":{"line":277,"column":26}},"type":"binary-expr","locations":[{"start":{"line":277,"column":11},"end":{"line":277,"column":26}},{"start":{"line":277,"column":30},"end":{"line":277,"column":40}},{"start":{"line":277,"column":44},"end":{"line":277,"column":65}},{"start":{"line":277,"column":69},"end":{"line":277,"column":98}}]},"32":{"loc":{"start":{"line":281,"column":12},"end":{"line":287,"column":null}},"type":"if","locations":[{"start":{"line":281,"column":12},"end":{"line":287,"column":null}},{"start":{"line":281,"column":12},"end":{"line":287,"column":null}}]},"33":{"loc":{"start":{"line":284,"column":16},"end":{"line":286,"column":null}},"type":"if","locations":[{"start":{"line":284,"column":16},"end":{"line":286,"column":null}},{"start":{"line":284,"column":16},"end":{"line":286,"column":null}}]},"34":{"loc":{"start":{"line":289,"column":12},"end":{"line":291,"column":null}},"type":"if","locations":[{"start":{"line":289,"column":12},"end":{"line":291,"column":null}},{"start":{"line":289,"column":12},"end":{"line":291,"column":null}}]},"35":{"loc":{"start":{"line":298,"column":8},"end":{"line":300,"column":null}},"type":"if","locations":[{"start":{"line":298,"column":8},"end":{"line":300,"column":null}},{"start":{"line":298,"column":8},"end":{"line":300,"column":null}}]},"36":{"loc":{"start":{"line":318,"column":8},"end":{"line":322,"column":null}},"type":"if","locations":[{"start":{"line":318,"column":8},"end":{"line":322,"column":null}},{"start":{"line":318,"column":8},"end":{"line":322,"column":null}}]},"37":{"loc":{"start":{"line":318,"column":12},"end":{"line":318,"column":22}},"type":"binary-expr","locations":[{"start":{"line":318,"column":12},"end":{"line":318,"column":22}},{"start":{"line":318,"column":26},"end":{"line":318,"column":56}}]},"38":{"loc":{"start":{"line":327,"column":8},"end":{"line":329,"column":null}},"type":"if","locations":[{"start":{"line":327,"column":8},"end":{"line":329,"column":null}},{"start":{"line":327,"column":8},"end":{"line":329,"column":null}}]}},"s":{"0":1,"1":1,"2":1,"3":1,"4":1,"5":1,"6":7,"7":7,"8":6,"9":7,"10":1,"11":7,"12":3,"13":3,"14":3,"15":2,"16":2,"17":2,"18":7,"19":1,"20":1,"21":1,"22":1,"23":7,"24":2,"25":7,"26":1,"27":7,"28":6,"29":7,"30":7,"31":1,"32":3,"33":3,"34":1,"35":1,"36":1,"37":4,"38":4,"39":4,"40":4,"41":4,"42":4,"43":4,"44":4,"45":4,"46":4,"47":1,"48":1,"49":1,"50":1,"51":1,"52":1,"53":1,"54":2,"55":2,"56":1,"57":1,"58":0,"59":1,"60":1,"61":1,"62":1,"63":1,"64":1,"65":1,"66":1,"67":1,"68":1,"69":1,"70":1,"71":1,"72":2,"73":1,"74":1,"75":1,"76":2,"77":2,"78":2,"79":2,"80":2,"81":1,"82":1,"83":2,"84":2,"85":2,"86":2,"87":2,"88":8,"89":2,"90":8,"91":8,"92":8,"93":2,"94":2,"95":2,"96":2,"97":2,"98":2,"99":2,"100":2,"101":1,"102":1,"103":1,"104":1,"105":1,"106":1,"107":3,"108":3,"109":3,"110":1,"111":7,"112":7,"113":7,"114":7,"115":1,"116":9,"117":9,"118":9,"119":34,"120":1,"121":1,"122":1,"123":1,"124":4,"125":0,"126":1,"127":1,"128":1,"129":1,"130":1,"131":0,"132":1,"133":0,"134":0,"135":0,"136":0,"137":0,"138":0,"139":0,"140":0,"141":0,"142":0,"143":0,"144":0,"145":0,"146":0,"147":0,"148":0,"149":0,"150":1,"151":0,"152":0,"153":0,"154":0,"155":0,"156":0,"157":0,"158":0,"159":0,"160":0,"161":0,"162":0,"163":0,"164":0,"165":0,"166":0,"167":0,"168":0,"169":0,"170":0,"171":0,"172":0,"173":0,"174":0,"175":0,"176":0,"177":0,"178":0,"179":0,"180":0,"181":0,"182":0,"183":1,"184":0,"185":0,"186":0,"187":0,"188":0,"189":0,"190":0,"191":1,"192":0,"193":0,"194":0,"195":0,"196":0,"197":0,"198":1,"199":0,"200":0,"201":1,"202":1,"203":1,"204":3,"205":1,"206":6,"207":6,"208":23,"209":1,"210":1},"f":{"0":1,"1":1,"2":7,"3":3,"4":1,"5":4,"6":2,"7":1,"8":2,"9":2,"10":8,"11":8,"12":1,"13":3,"14":7,"15":9,"16":34,"17":1,"18":4,"19":0,"20":1,"21":0,"22":0,"23":0,"24":0,"25":0,"26":0,"27":0,"28":0,"29":1,"30":3,"31":6,"32":23},"b":{"0":[6,1],"1":[1,6],"2":[3,4],"3":[2,1],"4":[1,6],"5":[2,5],"6":[1,6],"7":[6,1],"8":[3,0],"9":[1,1],"10":[0,1],"11":[1,1],"12":[3,0],"13":[3,3],"14":[9,0],"15":[9,9],"16":[0,0],"17":[0,0],"18":[0,0],"19":[0,0],"20":[0,0],"21":[0,0],"22":[0,0],"23":[0,0],"24":[0,0],"25":[0,0],"26":[0,0],"27":[0,0],"28":[0,0],"29":[0,0],"30":[0,0],"31":[0,0,0,0],"32":[0,0],"33":[0,0],"34":[0,0],"35":[0,0],"36":[0,0],"37":[0,0],"38":[0,0]}}
,"/Users/veronikazdorova/jQuery-slider/src/slider/functions/createElement.ts": {"path":"/Users/veronikazdorova/jQuery-slider/src/slider/functions/createElement.ts","statementMap":{"0":{"start":{"line":2,"column":13},"end":{"line":6,"column":null}},"1":{"start":{"line":3,"column":33},"end":{"line":3,"column":60}},"2":{"start":{"line":4,"column":4},"end":{"line":4,"column":34}},"3":{"start":{"line":5,"column":4},"end":{"line":5,"column":19}}},"fnMap":{"0":{"name":"(anonymous_0)","decl":{"start":{"line":2,"column":29},"end":{"line":2,"column":30}},"loc":{"start":{"line":2,"column":60},"end":{"line":6,"column":1}}}},"branchMap":{},"s":{"0":4,"1":97,"2":97,"3":97},"f":{"0":97},"b":{}}
}
