TN:
SF:src/slider/configuratorHorizontal.ts
FN:6,(anonymous_0)
FN:9,(anonymous_1)
FN:13,(anonymous_2)
FN:16,(anonymous_3)
FN:19,(anonymous_4)
FN:22,(anonymous_5)
FN:25,(anonymous_6)
FN:28,(anonymous_7)
FN:31,(anonymous_8)
FN:34,(anonymous_9)
FN:41,(anonymous_10)
FN:44,(anonymous_11)
FN:56,(anonymous_12)
FN:59,(anonymous_13)
FN:62,(anonymous_14)
FN:65,(anonymous_15)
FN:68,(anonymous_16)
FN:71,(anonymous_17)
FN:74,(anonymous_18)
FN:77,(anonymous_19)
FN:80,(anonymous_20)
FNF:21
FNH:15
FNDA:24,(anonymous_0)
FNDA:3,(anonymous_1)
FNDA:10,(anonymous_2)
FNDA:6,(anonymous_3)
FNDA:5,(anonymous_4)
FNDA:2,(anonymous_5)
FNDA:15,(anonymous_6)
FNDA:2,(anonymous_7)
FNDA:3,(anonymous_8)
FNDA:12,(anonymous_9)
FNDA:7,(anonymous_10)
FNDA:26,(anonymous_11)
FNDA:0,(anonymous_12)
FNDA:0,(anonymous_13)
FNDA:0,(anonymous_14)
FNDA:0,(anonymous_15)
FNDA:1,(anonymous_16)
FNDA:0,(anonymous_17)
FNDA:0,(anonymous_18)
FNDA:1,(anonymous_19)
FNDA:1,(anonymous_20)
DA:3,2
DA:5,2
DA:7,24
DA:10,3
DA:11,3
DA:14,10
DA:17,6
DA:20,5
DA:23,2
DA:26,15
DA:29,2
DA:32,3
DA:35,12
DA:38,3
DA:39,3
DA:42,7
DA:45,26
DA:46,25
DA:47,25
DA:50,7
DA:51,7
DA:53,7
DA:54,7
DA:57,0
DA:60,0
DA:63,0
DA:66,0
DA:69,1
DA:72,0
DA:75,0
DA:78,1
DA:81,1
DA:82,1
LF:33
LH:27
BRDA:45,0,0,25
BRDA:45,0,1,1
BRF:2
BRH:2
end_of_record
TN:
SF:src/slider/configuratorVertical.ts
FN:6,(anonymous_0)
FN:9,(anonymous_1)
FN:13,(anonymous_2)
FN:16,(anonymous_3)
FN:19,(anonymous_4)
FN:22,(anonymous_5)
FN:25,(anonymous_6)
FN:28,(anonymous_7)
FN:31,(anonymous_8)
FN:34,(anonymous_9)
FN:41,(anonymous_10)
FN:44,(anonymous_11)
FN:56,(anonymous_12)
FN:59,(anonymous_13)
FN:62,(anonymous_14)
FN:65,(anonymous_15)
FN:68,(anonymous_16)
FN:71,(anonymous_17)
FN:74,(anonymous_18)
FN:77,(anonymous_19)
FN:80,(anonymous_20)
FNF:21
FNH:15
FNDA:6,(anonymous_0)
FNDA:2,(anonymous_1)
FNDA:5,(anonymous_2)
FNDA:5,(anonymous_3)
FNDA:5,(anonymous_4)
FNDA:2,(anonymous_5)
FNDA:2,(anonymous_6)
FNDA:6,(anonymous_7)
FNDA:2,(anonymous_8)
FNDA:8,(anonymous_9)
FNDA:2,(anonymous_10)
FNDA:8,(anonymous_11)
FNDA:0,(anonymous_12)
FNDA:0,(anonymous_13)
FNDA:0,(anonymous_14)
FNDA:0,(anonymous_15)
FNDA:1,(anonymous_16)
FNDA:0,(anonymous_17)
FNDA:0,(anonymous_18)
FNDA:1,(anonymous_19)
FNDA:1,(anonymous_20)
DA:3,2
DA:5,2
DA:7,6
DA:10,2
DA:11,2
DA:14,5
DA:17,5
DA:20,5
DA:23,2
DA:26,2
DA:29,6
DA:32,2
DA:35,8
DA:38,2
DA:39,2
DA:42,2
DA:45,8
DA:46,7
DA:47,7
DA:50,2
DA:51,2
DA:53,2
DA:54,2
DA:57,0
DA:60,0
DA:63,0
DA:66,0
DA:69,1
DA:72,0
DA:75,0
DA:78,1
DA:81,1
DA:82,1
LF:33
LH:27
BRDA:45,0,0,7
BRDA:45,0,1,1
BRF:2
BRH:2
end_of_record
TN:
SF:src/slider/eventEmitter.ts
FN:4,(anonymous_0)
FN:7,EventEmitter
FN:10,(anonymous_2)
FN:16,(anonymous_3)
FN:17,(anonymous_4)
FN:20,(anonymous_5)
FN:23,(anonymous_6)
FNF:7
FNH:5
FNDA:3,(anonymous_0)
FNDA:3,EventEmitter
FNDA:5,(anonymous_2)
FNDA:0,(anonymous_3)
FNDA:0,(anonymous_4)
FNDA:50,(anonymous_5)
FNDA:47,(anonymous_6)
DA:4,3
DA:8,3
DA:10,5
DA:11,5
DA:12,5
DA:15,5
DA:16,5
DA:17,0
DA:20,3
DA:21,50
DA:22,50
DA:23,47
DA:26,3
LF:13
LH:12
BRDA:11,0,0,5
BRDA:11,0,1,0
BRDA:22,1,0,47
BRDA:22,1,1,3
BRF:4
BRH:3
end_of_record
TN:
SF:src/slider/model.ts
FN:8,(anonymous_0)
FN:12,Model
FN:26,(anonymous_2)
FN:33,(anonymous_3)
FN:37,(anonymous_4)
FN:41,(anonymous_5)
FN:44,(anonymous_6)
FN:50,(anonymous_7)
FN:57,(anonymous_8)
FN:58,(anonymous_9)
FN:91,(anonymous_10)
FN:92,(anonymous_11)
FN:115,(anonymous_12)
FN:123,(anonymous_13)
FN:131,(anonymous_14)
FN:145,(anonymous_15)
FN:153,(anonymous_16)
FN:167,(anonymous_17)
FN:174,(anonymous_18)
FN:182,(anonymous_19)
FN:186,(anonymous_20)
FNF:21
FNH:17
FNDA:1,(anonymous_0)
FNDA:1,Model
FNDA:39,(anonymous_2)
FNDA:0,(anonymous_3)
FNDA:0,(anonymous_4)
FNDA:39,(anonymous_5)
FNDA:39,(anonymous_6)
FNDA:39,(anonymous_7)
FNDA:39,(anonymous_8)
FNDA:156,(anonymous_9)
FNDA:39,(anonymous_10)
FNDA:156,(anonymous_11)
FNDA:2,(anonymous_12)
FNDA:2,(anonymous_13)
FNDA:3,(anonymous_14)
FNDA:4,(anonymous_15)
FNDA:4,(anonymous_16)
FNDA:2,(anonymous_17)
FNDA:2,(anonymous_18)
FNDA:0,(anonymous_19)
FNDA:0,(anonymous_20)
DA:8,1
DA:12,1
DA:13,1
DA:23,1
DA:24,1
DA:26,1
DA:27,39
DA:28,39
DA:29,39
DA:30,39
DA:33,1
DA:34,0
DA:37,1
DA:38,0
DA:41,1
DA:42,39
DA:44,1
DA:45,39
DA:46,1
DA:47,1
DA:50,1
DA:51,39
DA:52,1
DA:53,1
DA:57,39
DA:58,39
DA:59,156
DA:60,156
DA:61,156
DA:62,156
DA:63,156
DA:65,156
DA:66,11
DA:69,156
DA:70,0
DA:71,0
DA:72,156
DA:73,2
DA:74,2
DA:75,154
DA:76,10
DA:77,10
DA:80,156
DA:81,2
DA:82,2
DA:84,156
DA:85,0
DA:86,0
DA:91,39
DA:92,39
DA:93,156
DA:94,156
DA:96,156
DA:97,0
DA:98,0
DA:99,0
DA:100,0
DA:102,0
DA:104,156
DA:105,4
DA:106,4
DA:107,0
DA:108,0
DA:110,4
DA:115,1
DA:116,2
DA:117,0
DA:119,2
DA:120,2
DA:123,1
DA:124,2
DA:125,0
DA:127,2
DA:128,2
DA:131,1
DA:132,3
DA:133,0
DA:135,3
DA:136,1
DA:137,2
DA:138,1
DA:140,1
DA:142,3
DA:145,1
DA:146,4
DA:147,1
DA:149,3
DA:150,3
DA:153,1
DA:154,4
DA:155,0
DA:157,4
DA:158,1
DA:159,3
DA:160,0
DA:162,3
DA:164,4
DA:167,1
DA:168,2
DA:169,2
DA:170,2
DA:174,1
DA:175,2
DA:176,1
DA:177,1
DA:178,1
DA:180,2
DA:182,1
DA:183,0
DA:184,0
DA:186,1
DA:187,0
DA:188,0
DA:190,1
LF:114
LH:92
BRDA:45,0,0,1
BRDA:45,0,1,38
BRDA:51,1,0,1
BRDA:51,1,1,38
BRDA:65,2,0,11
BRDA:65,2,1,145
BRDA:69,3,0,0
BRDA:69,3,1,156
BRDA:72,4,0,2
BRDA:72,4,1,154
BRDA:75,5,0,10
BRDA:75,5,1,144
BRDA:80,6,0,2
BRDA:80,6,1,154
BRDA:84,7,0,0
BRDA:84,7,1,156
BRDA:96,8,0,0
BRDA:96,8,1,156
BRDA:96,9,0,156
BRDA:96,9,1,117
BRDA:98,10,0,0
BRDA:98,10,1,0
BRDA:104,11,0,4
BRDA:104,11,1,152
BRDA:104,12,0,156
BRDA:104,12,1,156
BRDA:106,13,0,0
BRDA:106,13,1,4
BRDA:116,14,0,0
BRDA:116,14,1,2
BRDA:124,15,0,0
BRDA:124,15,1,2
BRDA:132,16,0,0
BRDA:132,16,1,3
BRDA:135,17,0,1
BRDA:135,17,1,2
BRDA:137,18,0,1
BRDA:137,18,1,1
BRDA:146,19,0,1
BRDA:146,19,1,3
BRDA:154,20,0,0
BRDA:154,20,1,4
BRDA:157,21,0,1
BRDA:157,21,1,3
BRDA:159,22,0,0
BRDA:159,22,1,3
BRDA:168,23,0,2
BRDA:168,23,1,0
BRDA:175,24,0,1
BRDA:175,24,1,1
BRDA:177,25,0,1
BRDA:177,25,1,0
BRF:52
BRH:39
end_of_record
TN:
SF:src/slider/view.ts
FN:8,(anonymous_0)
FN:28,View
FN:45,(anonymous_2)
FN:82,(anonymous_3)
FN:88,(anonymous_4)
FN:91,(anonymous_5)
FN:113,(anonymous_6)
FN:121,(anonymous_7)
FN:144,(anonymous_8)
FN:154,(anonymous_9)
FN:158,(anonymous_10)
FN:161,(anonymous_11)
FN:179,(anonymous_12)
FN:187,(anonymous_13)
FN:193,(anonymous_14)
FN:202,(anonymous_15)
FN:204,(anonymous_16)
FN:209,(anonymous_17)
FN:211,(anonymous_18)
FN:212,(anonymous_19)
FN:215,(anonymous_20)
FN:218,(anonymous_21)
FN:220,(anonymous_22)
FN:235,(anonymous_23)
FN:238,(anonymous_24)
FN:241,(anonymous_25)
FN:295,(anonymous_26)
FN:315,(anonymous_27)
FN:326,(anonymous_28)
FN:332,(anonymous_29)
FN:334,(anonymous_30)
FN:339,(anonymous_31)
FN:341,(anonymous_32)
FNF:33
FNH:24
FNDA:1,(anonymous_0)
FNDA:1,View
FNDA:7,(anonymous_2)
FNDA:3,(anonymous_3)
FNDA:1,(anonymous_4)
FNDA:4,(anonymous_5)
FNDA:2,(anonymous_6)
FNDA:1,(anonymous_7)
FNDA:2,(anonymous_8)
FNDA:2,(anonymous_9)
FNDA:8,(anonymous_10)
FNDA:8,(anonymous_11)
FNDA:1,(anonymous_12)
FNDA:3,(anonymous_13)
FNDA:7,(anonymous_14)
FNDA:9,(anonymous_15)
FNDA:34,(anonymous_16)
FNDA:1,(anonymous_17)
FNDA:4,(anonymous_18)
FNDA:0,(anonymous_19)
FNDA:1,(anonymous_20)
FNDA:0,(anonymous_21)
FNDA:0,(anonymous_22)
FNDA:0,(anonymous_23)
FNDA:0,(anonymous_24)
FNDA:0,(anonymous_25)
FNDA:0,(anonymous_26)
FNDA:0,(anonymous_27)
FNDA:0,(anonymous_28)
FNDA:1,(anonymous_29)
FNDA:3,(anonymous_30)
FNDA:6,(anonymous_31)
FNDA:23,(anonymous_32)
DA:1,1
DA:2,1
DA:6,1
DA:8,1
DA:28,1
DA:29,1
DA:46,7
DA:47,7
DA:48,6
DA:50,7
DA:51,1
DA:53,7
DA:54,3
DA:55,3
DA:56,3
DA:57,2
DA:58,2
DA:59,2
DA:62,7
DA:63,1
DA:64,1
DA:65,1
DA:67,1
DA:69,7
DA:70,2
DA:72,7
DA:73,1
DA:75,7
DA:76,6
DA:78,7
DA:79,7
DA:82,1
DA:83,3
DA:84,3
DA:88,1
DA:89,1
DA:92,4
DA:93,4
DA:94,4
DA:95,4
DA:97,4
DA:98,4
DA:99,4
DA:100,4
DA:101,4
DA:102,4
DA:104,1
DA:105,1
DA:107,1
DA:108,1
DA:110,1
DA:111,1
DA:113,2
DA:114,2
DA:115,1
DA:116,1
DA:117,0
DA:119,1
DA:122,1
DA:123,1
DA:124,1
DA:125,1
DA:127,1
DA:128,1
DA:129,1
DA:130,1
DA:131,1
DA:132,1
DA:134,1
DA:135,1
DA:138,2
DA:139,1
DA:140,1
DA:142,1
DA:145,2
DA:146,2
DA:147,2
DA:148,2
DA:149,2
DA:151,1
DA:154,2
DA:155,2
DA:156,2
DA:157,2
DA:158,2
DA:159,8
DA:161,2
DA:162,8
DA:163,8
DA:164,8
DA:166,2
DA:167,2
DA:169,2
DA:170,2
DA:172,2
DA:173,2
DA:175,2
DA:176,2
DA:179,1
DA:180,1
DA:181,1
DA:183,1
DA:184,1
DA:187,1
DA:188,3
DA:189,3
DA:190,3
DA:193,1
DA:194,7
DA:195,7
DA:197,7
DA:198,7
DA:202,9
DA:203,9
DA:204,9
DA:205,34
DA:209,1
DA:210,1
DA:211,1
DA:212,4
DA:215,1
DA:216,1
DA:217,1
DA:218,1
DA:220,1
DA:221,0
DA:222,0
DA:224,0
DA:225,0
DA:226,0
DA:228,0
DA:229,0
DA:230,0
DA:231,0
DA:232,0
DA:235,0
DA:236,0
DA:238,0
DA:239,0
DA:241,1
DA:242,0
DA:243,0
DA:245,0
DA:246,0
DA:247,0
DA:248,0
DA:249,0
DA:251,0
DA:252,0
DA:254,0
DA:256,0
DA:257,0
DA:258,0
DA:260,0
DA:261,0
DA:263,0
DA:265,0
DA:266,0
DA:267,0
DA:269,0
DA:270,0
DA:272,0
DA:275,0
DA:277,0
DA:279,0
DA:281,0
DA:282,0
DA:284,0
DA:285,0
DA:289,0
DA:290,0
DA:293,0
DA:295,1
DA:296,0
DA:298,0
DA:299,0
DA:302,0
DA:303,0
DA:305,0
DA:306,0
DA:315,1
DA:316,0
DA:318,0
DA:319,0
DA:320,0
DA:321,0
DA:323,0
DA:326,1
DA:327,0
DA:328,0
DA:332,1
DA:333,1
DA:334,1
DA:335,3
DA:339,1
DA:340,6
DA:341,6
DA:342,23
DA:345,1
LF:199
LH:137
BRDA:47,0,0,6
BRDA:47,0,1,1
BRDA:50,1,0,1
BRDA:50,1,1,6
BRDA:53,2,0,3
BRDA:53,2,1,4
BRDA:56,3,0,2
BRDA:56,3,1,1
BRDA:62,4,0,1
BRDA:62,4,1,6
BRDA:69,5,0,2
BRDA:69,5,1,5
BRDA:72,6,0,1
BRDA:72,6,1,6
BRDA:75,7,0,6
BRDA:75,7,1,1
BRDA:83,8,0,3
BRDA:83,8,1,0
BRDA:114,9,0,1
BRDA:114,9,1,1
BRDA:116,10,0,0
BRDA:116,10,1,1
BRDA:138,11,0,1
BRDA:138,11,1,1
BRDA:189,12,0,3
BRDA:189,12,1,0
BRDA:189,13,0,3
BRDA:189,13,1,3
BRDA:203,14,0,9
BRDA:203,14,1,0
BRDA:203,15,0,9
BRDA:203,15,1,9
BRDA:228,16,0,0
BRDA:228,16,1,0
BRDA:228,17,0,0
BRDA:228,17,1,0
BRDA:245,18,0,0
BRDA:245,18,1,0
BRDA:245,19,0,0
BRDA:245,19,1,0
BRDA:247,20,0,0
BRDA:247,20,1,0
BRDA:248,21,0,0
BRDA:248,21,1,0
BRDA:251,22,0,0
BRDA:251,22,1,0
BRDA:256,23,0,0
BRDA:256,23,1,0
BRDA:256,24,0,0
BRDA:256,24,1,0
BRDA:257,25,0,0
BRDA:257,25,1,0
BRDA:260,26,0,0
BRDA:260,26,1,0
BRDA:265,27,0,0
BRDA:265,27,1,0
BRDA:266,28,0,0
BRDA:266,28,1,0
BRDA:269,29,0,0
BRDA:269,29,1,0
BRDA:277,30,0,0
BRDA:277,30,1,0
BRDA:277,31,0,0
BRDA:277,31,1,0
BRDA:277,31,2,0
BRDA:277,31,3,0
BRDA:281,32,0,0
BRDA:281,32,1,0
BRDA:284,33,0,0
BRDA:284,33,1,0
BRDA:289,34,0,0
BRDA:289,34,1,0
BRDA:298,35,0,0
BRDA:298,35,1,0
BRDA:318,36,0,0
BRDA:318,36,1,0
BRDA:318,37,0,0
BRDA:318,37,1,0
BRDA:327,38,0,0
BRDA:327,38,1,0
BRF:80
BRH:28
end_of_record
TN:
SF:src/slider/functions/createElement.ts
FN:2,(anonymous_0)
FNF:1
FNH:1
FNDA:97,(anonymous_0)
DA:2,4
DA:3,97
DA:4,97
DA:5,97
LF:4
LH:4
BRF:0
BRH:0
end_of_record
